c:\users\konstantin\documents\visual studio 2015\projects\quizverwalter\quizverwalter\x64\debug\vc140.pdb
c:\users\konstantin\documents\visual studio 2015\projects\quizverwalter\quizverwalter\x64\debug\team.obj
c:\users\konstantin\documents\visual studio 2015\projects\quizverwalter\quizverwalter\x64\debug\quizverwalter.obj
c:\users\konstantin\documents\visual studio 2015\projects\quizverwalter\quizverwalter\x64\debug\main.obj
c:\users\konstantin\documents\visual studio 2015\projects\quizverwalter\quizverwalter\x64\debug\moc_team.obj
c:\users\konstantin\documents\visual studio 2015\projects\quizverwalter\quizverwalter\x64\debug\moc_quizverwalter.obj
c:\users\konstantin\documents\visual studio 2015\projects\quizverwalter\quizverwalter\generatedfiles\debug\moc_quizverwalter.cpp
c:\users\konstantin\documents\visual studio 2015\projects\quizverwalter\quizverwalter\generatedfiles\ui_quizverwalter.h
c:\users\konstantin\documents\visual studio 2015\projects\quizverwalter\quizverwalter\generatedfiles\qrc_quizverwalter.cpp
c:\users\konstantin\documents\visual studio 2015\projects\quizverwalter\quizverwalter\generatedfiles\debug\moc_team.cpp
c:\users\konstantin\documents\visual studio 2015\projects\quizverwalter\x64\debug\quizverwalter.ilk
c:\users\konstantin\documents\visual studio 2015\projects\quizverwalter\x64\debug\quizverwalter.exe
c:\users\konstantin\documents\visual studio 2015\projects\quizverwalter\x64\debug\quizverwalter.pdb
c:\users\konstantin\documents\visual studio 2015\projects\quizverwalter\quizverwalter\x64\debug\quizverwalter.tlog\cl.command.1.tlog
c:\users\konstantin\documents\visual studio 2015\projects\quizverwalter\quizverwalter\x64\debug\quizverwalter.tlog\cl.read.1.tlog
c:\users\konstantin\documents\visual studio 2015\projects\quizverwalter\quizverwalter\x64\debug\quizverwalter.tlog\cl.write.1.tlog
c:\users\konstantin\documents\visual studio 2015\projects\quizverwalter\quizverwalter\x64\debug\quizverwalter.tlog\custombuild.command.1.tlog
c:\users\konstantin\documents\visual studio 2015\projects\quizverwalter\quizverwalter\x64\debug\quizverwalter.tlog\custombuild.read.1.tlog
c:\users\konstantin\documents\visual studio 2015\projects\quizverwalter\quizverwalter\x64\debug\quizverwalter.tlog\custombuild.write.1.tlog
c:\users\konstantin\documents\visual studio 2015\projects\quizverwalter\quizverwalter\x64\debug\quizverwalter.tlog\link.command.1.tlog
c:\users\konstantin\documents\visual studio 2015\projects\quizverwalter\quizverwalter\x64\debug\quizverwalter.tlog\link.read.1.tlog
c:\users\konstantin\documents\visual studio 2015\projects\quizverwalter\quizverwalter\x64\debug\quizverwalter.tlog\link.write.1.tlog
